MCOP-SDK/android-ngn-stack/build/outputs/logs/manifest-merger-release-report.txt
-- Merging decision tree log ---
manifest
ADDED from src\main\AndroidManifest.xml:22:1-102:12
INJECTED from src\main\AndroidManifest.xml:22:1-102:12
INJECTED from src\main\AndroidManifest.xml:22:1-102:12
INJECTED from src\main\AndroidManifest.xml:22:1-102:12
INJECTED from src\main\AndroidManifest.xml:22:1-102:12
INJECTED from src\main\AndroidManifest.xml:22:1-102:12
INJECTED from src\main\AndroidManifest.xml:22:1-102:12
	package
		ADDED from src\main\AndroidManifest.xml:24:5-31
		INJECTED from src\main\AndroidManifest.xml
		INJECTED from src\main\AndroidManifest.xml
	android:versionName
		ADDED from src\main\AndroidManifest.xml:26:5-30
		INJECTED from src\main\AndroidManifest.xml
		INJECTED from src\main\AndroidManifest.xml
	xmlns:tools
		ADDED from src\main\AndroidManifest.xml:23:5-51
	xmlns:android
		ADDED from src\main\AndroidManifest.xml:22:11-69
	android:versionCode
		ADDED from src\main\AndroidManifest.xml:25:5-28
		INJECTED from src\main\AndroidManifest.xml
		INJECTED from src\main\AndroidManifest.xml
uses-permission#android.permission.INTERNET
ADDED from src\main\AndroidManifest.xml:28:5-67
	android:name
		ADDED from src\main\AndroidManifest.xml:28:22-64
uses-permission#android.permission.ACCESS_WIFI_STATE
ADDED from src\main\AndroidManifest.xml:29:5-76
	android:name
		ADDED from src\main\AndroidManifest.xml:29:22-73
uses-permission#android.permission.ACCESS_NETWORK_STATE
ADDED from src\main\AndroidManifest.xml:30:5-79
	android:name
		ADDED from src\main\AndroidManifest.xml:30:22-76
uses-permission#android.permission.CHANGE_WIFI_STATE
ADDED from src\main\AndroidManifest.xml:31:5-76
	android:name
		ADDED from src\main\AndroidManifest.xml:31:22-73
uses-permission#android.permission.CHANGE_NETWORK_STATE
ADDED from src\main\AndroidManifest.xml:32:5-79
	android:name
		ADDED from src\main\AndroidManifest.xml:32:22-76
uses-permission#android.permission.WRITE_EXTERNAL_STORAGE
ADDED from src\main\AndroidManifest.xml:33:5-81
	android:name
		ADDED from src\main\AndroidManifest.xml:33:22-78
uses-permission#android.permission.CAMERA
ADDED from src\main\AndroidManifest.xml:34:5-65
	android:name
		ADDED from src\main\AndroidManifest.xml:34:22-62
uses-permission#android.permission.WAKE_LOCK
ADDED from src\main\AndroidManifest.xml:35:5-68
	android:name
		ADDED from src\main\AndroidManifest.xml:35:22-65
uses-permission#android.permission.RECORD_AUDIO
ADDED from src\main\AndroidManifest.xml:36:5-71
	android:name
		ADDED from src\main\AndroidManifest.xml:36:22-68
uses-permission#android.permission.MODIFY_AUDIO_SETTINGS
ADDED from src\main\AndroidManifest.xml:37:5-80
	android:name
		ADDED from src\main\AndroidManifest.xml:37:22-77
uses-permission#android.permission.VIBRATE
ADDED from src\main\AndroidManifest.xml:38:5-66
	android:name
		ADDED from src\main\AndroidManifest.xml:38:22-63
uses-permission#android.permission.RECEIVE_BOOT_COMPLETED
ADDED from src\main\AndroidManifest.xml:39:5-81
	android:name
		ADDED from src\main\AndroidManifest.xml:39:22-78
uses-permission#android.permission.WRITE_SETTINGS
ADDED from src\main\AndroidManifest.xml:40:5-73
	android:name
		ADDED from src\main\AndroidManifest.xml:40:22-70
uses-permission#android.permission.DISABLE_KEYGUARD
ADDED from src\main\AndroidManifest.xml:41:5-75
	android:name
		ADDED from src\main\AndroidManifest.xml:41:22-72
uses-permission#android.permission.READ_CONTACTS
ADDED from src\main\AndroidManifest.xml:42:5-72
	android:name
		ADDED from src\main\AndroidManifest.xml:42:22-69
uses-permission#android.permission.WRITE_CONTACTS
ADDED from src\main\AndroidManifest.xml:43:5-73
	android:name
		ADDED from src\main\AndroidManifest.xml:43:22-70
uses-permission#android.permission.READ_PHONE_STATE
ADDED from src\main\AndroidManifest.xml:44:5-75
	android:name
		ADDED from src\main\AndroidManifest.xml:44:22-72
uses-permission#android.permission.PROCESS_OUTGOING_CALLS
ADDED from src\main\AndroidManifest.xml:45:5-81
	android:name
		ADDED from src\main\AndroidManifest.xml:45:22-78
uses-permission#android.permission.CALL_PHONE
ADDED from src\main\AndroidManifest.xml:46:5-69
	android:name
		ADDED from src\main\AndroidManifest.xml:46:22-66
uses-permission#android.permission.RAISED_THREAD_PRIORITY
ADDED from src\main\AndroidManifest.xml:47:5-81
	android:name
		ADDED from src\main\AndroidManifest.xml:47:22-78
uses-permission#android.permission.ACCESS_FINE_LOCATION
ADDED from src\main\AndroidManifest.xml:50:5-79
	android:name
		ADDED from src\main\AndroidManifest.xml:50:22-76
uses-permission#android.permission.ACCESS_COARSE_LOCATION
ADDED from src\main\AndroidManifest.xml:51:5-81
	android:name
		ADDED from src\main\AndroidManifest.xml:51:22-78
uses-feature#android.hardware.location.gps
ADDED from src\main\AndroidManifest.xml:53:5-66
	android:name
		ADDED from src\main\AndroidManifest.xml:53:19-63
uses-feature#0x00020000
ADDED from src\main\AndroidManifest.xml:54:5-56:36
	android:glEsVersion
		ADDED from src\main\AndroidManifest.xml:55:9-41
	android:required
		ADDED from src\main\AndroidManifest.xml:56:9-33
uses-feature#android.hardware.camera
ADDED from src\main\AndroidManifest.xml:57:5-59:36
	android:required
		ADDED from src\main\AndroidManifest.xml:59:9-33
	android:name
		ADDED from src\main\AndroidManifest.xml:58:9-47
uses-feature#android.hardware.audio.low_latency
ADDED from src\main\AndroidManifest.xml:60:5-62:36
	android:required
		ADDED from src\main\AndroidManifest.xml:62:9-33
	android:name
		ADDED from src\main\AndroidManifest.xml:61:9-58
application
ADDED from src\main\AndroidManifest.xml:65:5-100:19
	android:label
		ADDED from src\main\AndroidManifest.xml:68:9-41
	android:hardwareAccelerated
		ADDED from src\main\AndroidManifest.xml:67:9-43
	android:name
		ADDED from src\main\AndroidManifest.xml:66:9-39
service#org.doubango.ngn.NgnNativeService
ADDED from src\main\AndroidManifest.xml:69:9-53
	android:name
		ADDED from src\main\AndroidManifest.xml:69:18-50
service#org.doubango.ngn.services.impl.location.LocationServer
ADDED from src\main\AndroidManifest.xml:70:9-73:39
	android:enabled
		ADDED from src\main\AndroidManifest.xml:72:13-35
	android:exported
		ADDED from src\main\AndroidManifest.xml:73:13-36
	android:name
		ADDED from src\main\AndroidManifest.xml:71:13-66
activity#net.openid.appauth.RedirectUriReceiverActivity
ADDED from src\main\AndroidManifest.xml:74:9-97:20
	tools:node
		ADDED from src\main\AndroidManifest.xml:76:13-33
	android:name
		ADDED from src\main\AndroidManifest.xml:75:13-74
intent-filter#action:name:android.intent.action.SEND+action:name:android.intent.action.VIEW+category:name:android.intent.category.BROWSABLE+category:name:android.intent.category.DEFAULT+data:host:192.168.16.181:8080+data:path:/get+data:scheme:http
ADDED from src\main\AndroidManifest.xml:77:13-96:29
action#android.intent.action.VIEW
ADDED from src\main\AndroidManifest.xml:78:17-69
	android:name
		ADDED from src\main\AndroidManifest.xml:78:25-66
category#android.intent.category.DEFAULT
ADDED from src\main\AndroidManifest.xml:80:17-76
	android:name
		ADDED from src\main\AndroidManifest.xml:80:27-73
action#android.intent.action.SEND
ADDED from src\main\AndroidManifest.xml:82:17-69
	android:name
		ADDED from src\main\AndroidManifest.xml:82:25-66
category#android.intent.category.BROWSABLE
ADDED from src\main\AndroidManifest.xml:84:17-78
	android:name
		ADDED from src\main\AndroidManifest.xml:84:27-75
data
ADDED from src\main\AndroidManifest.xml:92:17-95:45
	android:path
		ADDED from src\main\AndroidManifest.xml:94:21-40
	android:host
		ADDED from src\main\AndroidManifest.xml:93:21-55
	android:scheme
		ADDED from src\main\AndroidManifest.xml:95:21-42
uses-sdk
INJECTED from src\main\AndroidManifest.xml reason: use-sdk injection requested
INJECTED from src\main\AndroidManifest.xml
INJECTED from src\main\AndroidManifest.xml
INJECTED from src\main\AndroidManifest.xml
INJECTED from src\main\AndroidManifest.xml
	android:targetSdkVersion
		INJECTED from src\main\AndroidManifest.xml
		ADDED from src\main\AndroidManifest.xml
		INJECTED from src\main\AndroidManifest.xml
	android:minSdkVersion
		INJECTED from src\main\AndroidManifest.xml
		ADDED from src\main\AndroidManifest.xml
		INJECTED from src\main\AndroidManifest.xml